Using pre-set license
Built from '2020.3/staging' branch; Version is '2020.3.6f1 (338bb68529b2) revision 3378102'; Using compiler version '192528614'; Build Type 'Release'
OS: 'Windows 10 Pro; OS build 19042.1237; Version 2009; 64bit' Language: 'ru' Physical Memory: 32707 MB
BatchMode: 1, IsHumanControllingUs: 0, StartBugReporterOnCrash: 0, Is64bit: 1, IsPro: 0

 COMMAND LINE ARGUMENTS:
C:\Program Files\Unity\Hub\Editor\2020.3.6f1\Editor\Unity.exe
-adb2
-batchMode
-noUpm
-name
AssetImportWorker0
-projectPath
C:/Users/123/Documents/Yeti Hunter
-logFile
Logs/AssetImportWorker0.log
-srvPort
51400
Successfully changed project path to: C:/Users/123/Documents/Yeti Hunter
C:/Users/123/Documents/Yeti Hunter
Using Asset Import Pipeline V2.
Refreshing native plugins compatible for Editor in 36.57 ms, found 1 plugins.
Preloading 0 native plugins for Editor in 0.00 ms.
Initialize engine version: 2020.3.6f1 (338bb68529b2)
[Subsystems] Discovering subsystems at path C:/Program Files/Unity/Hub/Editor/2020.3.6f1/Editor/Data/Resources/UnitySubsystems
[Subsystems] Discovering subsystems at path C:/Users/123/Documents/Yeti Hunter/Assets
GfxDevice: creating device client; threaded=0
Direct3D:
    Version:  Direct3D 11.0 [level 11.1]
    Renderer: NVIDIA GeForce GTX 1070 Ti (ID=0x1b82)
    Vendor:   
    VRAM:     8079 MB
    Driver:   27.21.14.6663
Initialize mono
Mono path[0] = 'C:/Program Files/Unity/Hub/Editor/2020.3.6f1/Editor/Data/Managed'
Mono path[1] = 'C:/Program Files/Unity/Hub/Editor/2020.3.6f1/Editor/Data/MonoBleedingEdge/lib/mono/unityjit'
Mono config path = 'C:/Program Files/Unity/Hub/Editor/2020.3.6f1/Editor/Data/MonoBleedingEdge/etc'
Using monoOptions --debugger-agent=transport=dt_socket,embedding=1,server=y,suspend=n,address=127.0.0.1:56528
Begin MonoManager ReloadAssembly
Registering precompiled unity dll's ...
Register platform support module: C:/Program Files/Unity/Hub/Editor/2020.3.6f1/Editor/Data/PlaybackEngines/WindowsStandaloneSupport/UnityEditor.WindowsStandalone.Extensions.dll
Registered in 0.002523 seconds.
Native extension for WindowsStandalone target not found
Refreshing native plugins compatible for Editor in 35.82 ms, found 1 plugins.
Preloading 0 native plugins for Editor in 0.00 ms.
Mono: successfully reloaded assembly
- Completed reload, in  1.937 seconds
Platform modules already initialized, skipping
Registering precompiled user dll's ...
Registered in 0.001184 seconds.
Begin MonoManager ReloadAssembly
Native extension for WindowsStandalone target not found
Refreshing native plugins compatible for Editor in 35.44 ms, found 1 plugins.
Preloading 0 native plugins for Editor in 0.00 ms.
Mono: successfully reloaded assembly
- Completed reload, in  0.874 seconds
Platform modules already initialized, skipping
========================================================================
Worker process is ready to serve import requests
Launched and connected shader compiler UnityShaderCompiler.exe after 0.04 seconds
Refreshing native plugins compatible for Editor in 0.38 ms, found 1 plugins.
Preloading 0 native plugins for Editor in 0.00 ms.
Unloading 2040 Unused Serialized files (Serialized files now loaded: 0)
System memory in use before: 93.3 MB.
System memory in use after: 93.2 MB.

Unloading 24 unused Assets to reduce memory usage. Loaded Objects now: 2485.
Total: 2.572500 ms (FindLiveObjects: 0.202200 ms CreateObjectMapping: 0.082300 ms MarkObjects: 2.153800 ms  DeleteObjects: 0.132900 ms)

========================================================================
Received Import Request.
  path: Packages/com.unity.2d.tilemap.extras/Editor/Unity.2D.Tilemap.Extras.Editor.asmdef
  artifactKey: Guid(cbdf09464b6b87745be748a67e5a21a0) Importer(815301076,1909f56bfc062723c751e8b465ee728b)
Start importing Packages/com.unity.2d.tilemap.extras/Editor/Unity.2D.Tilemap.Extras.Editor.asmdef using Guid(cbdf09464b6b87745be748a67e5a21a0) Importer(815301076,1909f56bfc062723c751e8b465ee728b)  -> (artifact id: 'af3ca22a70a9238b2baab1787c6c6d55') in 0.079745 seconds
  Import took 0.085113 seconds .

========================================================================
Received Import Request.
  Time since last request: 0.000554 seconds.
  path: Packages/com.unity.2d.tilemap.extras/Editor
  artifactKey: Guid(58147b5e82a62ad4aacd2cfa2ef653bc) Importer(815301076,1909f56bfc062723c751e8b465ee728b)
Start importing Packages/com.unity.2d.tilemap.extras/Editor using Guid(58147b5e82a62ad4aacd2cfa2ef653bc) Importer(815301076,1909f56bfc062723c751e8b465ee728b)  -> (artifact id: '907ee4fa5c9b0355b9a468a5e4be2121') in 0.002812 seconds
  Import took 0.007553 seconds .

========================================================================
Received Import Request.
  Time since last request: 0.000508 seconds.
  path: Packages/com.unity.2d.tilemap.extras/package.json
  artifactKey: Guid(a9f15b7c9363d9944a7d69248fd279ec) Importer(815301076,1909f56bfc062723c751e8b465ee728b)
Start importing Packages/com.unity.2d.tilemap.extras/package.json using Guid(a9f15b7c9363d9944a7d69248fd279ec) Importer(815301076,1909f56bfc062723c751e8b465ee728b)  -> (artifact id: '1b674e8dc9f7abc98af3a6074911a2fe') in 0.016739 seconds
  Import took 0.021234 seconds .

========================================================================
Received Import Request.
  Time since last request: 4.259189 seconds.
  path: Packages/com.unity.2d.tilemap.extras/Editor/Tiles
  artifactKey: Guid(f03b3016bcc582043b27ae775025ef88) Importer(815301076,1909f56bfc062723c751e8b465ee728b)
Start importing Packages/com.unity.2d.tilemap.extras/Editor/Tiles using Guid(f03b3016bcc582043b27ae775025ef88) Importer(815301076,1909f56bfc062723c751e8b465ee728b)  -> (artifact id: 'cab01518db2c9984682314128fc401be') in 0.002605 seconds
  Import took 0.007740 seconds .

========================================================================
Received Prepare
Registering precompiled user dll's ...
Registered in 0.001151 seconds.
Begin MonoManager ReloadAssembly
Native extension for WindowsStandalone target not found
Refreshing native plugins compatible for Editor in 0.41 ms, found 1 plugins.
Preloading 0 native plugins for Editor in 0.00 ms.
Mono: successfully reloaded assembly
- Completed reload, in  0.771 seconds
Platform modules already initialized, skipping
Refreshing native plugins compatible for Editor in 0.41 ms, found 1 plugins.
Preloading 0 native plugins for Editor in 0.00 ms.
Unloading 1995 Unused Serialized files (Serialized files now loaded: 0)
System memory in use before: 92.3 MB.
System memory in use after: 92.3 MB.

Unloading 25 unused Assets to reduce memory usage. Loaded Objects now: 2476.
Total: 2.101700 ms (FindLiveObjects: 0.173800 ms CreateObjectMapping: 0.064100 ms MarkObjects: 1.761100 ms  DeleteObjects: 0.101500 ms)

========================================================================
Received Prepare
Registering precompiled user dll's ...
Registered in 0.001193 seconds.
Begin MonoManager ReloadAssembly
Native extension for WindowsStandalone target not found
Refreshing native plugins compatible for Editor in 0.42 ms, found 1 plugins.
Preloading 0 native plugins for Editor in 0.00 ms.
Mono: successfully reloaded assembly
- Completed reload, in  0.756 seconds
Platform modules already initialized, skipping
Refreshing native plugins compatible for Editor in 0.38 ms, found 1 plugins.
Preloading 0 native plugins for Editor in 0.00 ms.
Unloading 2032 Unused Serialized files (Serialized files now loaded: 0)
System memory in use before: 93.1 MB.
System memory in use after: 93.1 MB.

Unloading 13 unused Assets to reduce memory usage. Loaded Objects now: 2491.
Total: 2.036900 ms (FindLiveObjects: 0.186500 ms CreateObjectMapping: 0.073900 ms MarkObjects: 1.681600 ms  DeleteObjects: 0.093600 ms)

========================================================================
Received Import Request.
  Time since last request: 468.513095 seconds.
  path: Assets/New Animated Tile.asset
  artifactKey: Guid(e6678129276347c47b1060ff2d7b171a) Importer(815301076,1909f56bfc062723c751e8b465ee728b)
Start importing Assets/New Animated Tile.asset using Guid(e6678129276347c47b1060ff2d7b171a) Importer(815301076,1909f56bfc062723c751e8b465ee728b)  -> (artifact id: 'c9c9a504fb39b0eb0bf84a998f717474') in 0.025739 seconds
  Import took 0.030323 seconds .

========================================================================
Received Import Request.
  Time since last request: 0.001028 seconds.
  path: Assets/New Animated Tile.asset
  artifactKey: Guid(e6678129276347c47b1060ff2d7b171a) Importer(815301076,1909f56bfc062723c751e8b465ee728b)
Start importing Assets/New Animated Tile.asset using Guid(e6678129276347c47b1060ff2d7b171a) Importer(815301076,1909f56bfc062723c751e8b465ee728b)  -> (artifact id: 'c9c9a504fb39b0eb0bf84a998f717474') in 0.003477 seconds
  Import took 0.008039 seconds .

========================================================================
Received Import Request.
  Time since last request: 1064.548045 seconds.
  path: Assets/Anima/Lava
  artifactKey: Guid(bed75407298cf214ba97088e4a62d508) Importer(815301076,1909f56bfc062723c751e8b465ee728b)
Start importing Assets/Anima/Lava using Guid(bed75407298cf214ba97088e4a62d508) Importer(815301076,1909f56bfc062723c751e8b465ee728b)  -> (artifact id: '71f585204dd0554b66a690f221ec72ad') in 0.003200 seconds
  Import took 0.008140 seconds .

========================================================================
Received Import Request.
  Time since last request: 6.967045 seconds.
  path: Assets/Anima/Lava/1.png
  artifactKey: Guid(2dba0f9879c8f4944b2e5dd1f8947415) Importer(815301076,1909f56bfc062723c751e8b465ee728b)
Start importing Assets/Anima/Lava/1.png using Guid(2dba0f9879c8f4944b2e5dd1f8947415) Importer(815301076,1909f56bfc062723c751e8b465ee728b)  -> (artifact id: 'ce55ad9d26ac21b591ddb76b7e038a25') in 0.067767 seconds
  Import took 0.072838 seconds .

========================================================================
Received Import Request.
  Time since last request: 0.000478 seconds.
  path: Assets/Anima/Lava/7.png
  artifactKey: Guid(24f9e984db6685f4fa7cb7d831da819c) Importer(815301076,1909f56bfc062723c751e8b465ee728b)
Start importing Assets/Anima/Lava/7.png using Guid(24f9e984db6685f4fa7cb7d831da819c) Importer(815301076,1909f56bfc062723c751e8b465ee728b)  -> (artifact id: '0a53c1f2151efe8c780eb87ffd15f6d2') in 0.009796 seconds
  Import took 0.014497 seconds .

========================================================================
Received Import Request.
  Time since last request: 0.000561 seconds.
  path: Assets/Anima/Lava/6.png
  artifactKey: Guid(8cf54c624b7a0c440b341480f78625ea) Importer(815301076,1909f56bfc062723c751e8b465ee728b)
Start importing Assets/Anima/Lava/6.png using Guid(8cf54c624b7a0c440b341480f78625ea) Importer(815301076,1909f56bfc062723c751e8b465ee728b)  -> (artifact id: 'e9cadebc1f028e05873c474ad6cac29a') in 0.010145 seconds
  Import took 0.014318 seconds .

========================================================================
Received Import Request.
  Time since last request: 0.000369 seconds.
  path: Assets/Anima/Lava/9.png
  artifactKey: Guid(baeeeb2d383eef348a82930fc2b36edb) Importer(815301076,1909f56bfc062723c751e8b465ee728b)
Start importing Assets/Anima/Lava/9.png using Guid(baeeeb2d383eef348a82930fc2b36edb) Importer(815301076,1909f56bfc062723c751e8b465ee728b)  -> (artifact id: '535833b389752c9ad3f8f92776397022') in 0.010142 seconds
  Import took 0.015315 seconds .

========================================================================
Received Import Request.
  Time since last request: 0.000404 seconds.
  path: Assets/Anima/Lava/5.png
  artifactKey: Guid(d23c959dd7142df4098ca9208ec63ce2) Importer(815301076,1909f56bfc062723c751e8b465ee728b)
Start importing Assets/Anima/Lava/5.png using Guid(d23c959dd7142df4098ca9208ec63ce2) Importer(815301076,1909f56bfc062723c751e8b465ee728b)  -> (artifact id: '7617c56b808789b09247bce96310e2ef') in 0.056434 seconds
  Import took 0.061709 seconds .

========================================================================
Received Import Request.
  Time since last request: 0.000561 seconds.
  path: Assets/Anima/Lava/2.png
  artifactKey: Guid(06153d53a214a3649b647016358edfa0) Importer(815301076,1909f56bfc062723c751e8b465ee728b)
Start importing Assets/Anima/Lava/2.png using Guid(06153d53a214a3649b647016358edfa0) Importer(815301076,1909f56bfc062723c751e8b465ee728b)  -> (artifact id: '37f570d992191df5ab78782241e3c9eb') in 0.008561 seconds
  Import took 0.013720 seconds .

========================================================================
Received Import Request.
  Time since last request: 0.000549 seconds.
  path: Assets/Anima/Lava/8.png
  artifactKey: Guid(abdb662b38ad7c245a5c832c39795fa7) Importer(815301076,1909f56bfc062723c751e8b465ee728b)
Start importing Assets/Anima/Lava/8.png using Guid(abdb662b38ad7c245a5c832c39795fa7) Importer(815301076,1909f56bfc062723c751e8b465ee728b)  -> (artifact id: '93a7203f8eef83546de5cc3160ccf945') in 0.009360 seconds
  Import took 0.014496 seconds .

========================================================================
Received Import Request.
  Time since last request: 0.000526 seconds.
  path: Assets/Anima/Lava/10.png
  artifactKey: Guid(e28cb9509843014408f93f3fae6a8b46) Importer(815301076,1909f56bfc062723c751e8b465ee728b)
Start importing Assets/Anima/Lava/10.png using Guid(e28cb9509843014408f93f3fae6a8b46) Importer(815301076,1909f56bfc062723c751e8b465ee728b)  -> (artifact id: '8508487c9384b705d946399862f5460b') in 0.009463 seconds
  Import took 0.014125 seconds .

========================================================================
Received Import Request.
  Time since last request: 0.000470 seconds.
  path: Assets/Anima/Lava/4.png
  artifactKey: Guid(8119ccc7d3d67da4587589f9e8f5d8e6) Importer(815301076,1909f56bfc062723c751e8b465ee728b)
Start importing Assets/Anima/Lava/4.png using Guid(8119ccc7d3d67da4587589f9e8f5d8e6) Importer(815301076,1909f56bfc062723c751e8b465ee728b)  -> (artifact id: 'ec08bb3246943c15dd59c9eaa5210373') in 0.010300 seconds
  Import took 0.015261 seconds .

========================================================================
Received Import Request.
  Time since last request: 0.000529 seconds.
  path: Assets/Anima/Lava/3.png
  artifactKey: Guid(2a98029a82aeff1448215b13d0e73bd6) Importer(815301076,1909f56bfc062723c751e8b465ee728b)
Start importing Assets/Anima/Lava/3.png using Guid(2a98029a82aeff1448215b13d0e73bd6) Importer(815301076,1909f56bfc062723c751e8b465ee728b)  -> (artifact id: '0cb7e3cfef8472c0b6483f03cc589af1') in 0.014127 seconds
  Import took 0.018884 seconds .

========================================================================
Received Import Request.
  Time since last request: 32.121181 seconds.
  path: Assets/Tiles/LavaAnim.asset
  artifactKey: Guid(e6678129276347c47b1060ff2d7b171a) Importer(815301076,1909f56bfc062723c751e8b465ee728b)
Start importing Assets/Tiles/LavaAnim.asset using Guid(e6678129276347c47b1060ff2d7b171a) Importer(815301076,1909f56bfc062723c751e8b465ee728b)  -> (artifact id: 'eb697f78350633ad1f83038f68cc2405') in 0.003581 seconds
  Import took 0.008632 seconds .

========================================================================
Received Import Request.
  Time since last request: 284.943605 seconds.
  path: Assets/Anima/Lava/1.png
  artifactKey: Guid(2dba0f9879c8f4944b2e5dd1f8947415) Importer(815301076,1909f56bfc062723c751e8b465ee728b)
Start importing Assets/Anima/Lava/1.png using Guid(2dba0f9879c8f4944b2e5dd1f8947415) Importer(815301076,1909f56bfc062723c751e8b465ee728b)  -> (artifact id: '214f655d9b07f12cf21f410141689704') in 0.014601 seconds
  Import took 0.019725 seconds .

========================================================================
Received Import Request.
  Time since last request: 0.000389 seconds.
  path: Assets/Anima/Lava/7.png
  artifactKey: Guid(24f9e984db6685f4fa7cb7d831da819c) Importer(815301076,1909f56bfc062723c751e8b465ee728b)
Start importing Assets/Anima/Lava/7.png using Guid(24f9e984db6685f4fa7cb7d831da819c) Importer(815301076,1909f56bfc062723c751e8b465ee728b)  -> (artifact id: '89d2bea559a3174a2242caec12a6f254') in 0.011123 seconds
  Import took 0.015587 seconds .

========================================================================
Received Import Request.
  Time since last request: 0.000475 seconds.
  path: Assets/Anima/Lava/6.png
  artifactKey: Guid(8cf54c624b7a0c440b341480f78625ea) Importer(815301076,1909f56bfc062723c751e8b465ee728b)
Start importing Assets/Anima/Lava/6.png using Guid(8cf54c624b7a0c440b341480f78625ea) Importer(815301076,1909f56bfc062723c751e8b465ee728b)  -> (artifact id: 'e68049c3dd20c4bafd8dcc132f47feb0') in 0.010328 seconds
  Import took 0.014684 seconds .

========================================================================
Received Import Request.
  Time since last request: 0.000371 seconds.
  path: Assets/Anima/Lava/9.png
  artifactKey: Guid(baeeeb2d383eef348a82930fc2b36edb) Importer(815301076,1909f56bfc062723c751e8b465ee728b)
Start importing Assets/Anima/Lava/9.png using Guid(baeeeb2d383eef348a82930fc2b36edb) Importer(815301076,1909f56bfc062723c751e8b465ee728b)  -> (artifact id: '64b0c224740a82ec2a14d24fd7243cf8') in 0.014731 seconds
  Import took 0.018936 seconds .

========================================================================
Received Import Request.
  Time since last request: 0.000373 seconds.
  path: Assets/Anima/Lava/5.png
  artifactKey: Guid(d23c959dd7142df4098ca9208ec63ce2) Importer(815301076,1909f56bfc062723c751e8b465ee728b)
Start importing Assets/Anima/Lava/5.png using Guid(d23c959dd7142df4098ca9208ec63ce2) Importer(815301076,1909f56bfc062723c751e8b465ee728b)  -> (artifact id: '1e570d92e3b66a10376167f596676af0') in 0.082619 seconds
  Import took 0.087532 seconds .

========================================================================
Received Import Request.
  Time since last request: 0.000471 seconds.
  path: Assets/Anima/Lava/2.png
  artifactKey: Guid(06153d53a214a3649b647016358edfa0) Importer(815301076,1909f56bfc062723c751e8b465ee728b)
Start importing Assets/Anima/Lava/2.png using Guid(06153d53a214a3649b647016358edfa0) Importer(815301076,1909f56bfc062723c751e8b465ee728b)  -> (artifact id: 'c0d3ab3f8e68253bc59eacebb2a9cb58') in 0.008787 seconds
  Import took 0.013011 seconds .

========================================================================
Received Import Request.
  Time since last request: 0.000365 seconds.
  path: Assets/Anima/Lava/8.png
  artifactKey: Guid(abdb662b38ad7c245a5c832c39795fa7) Importer(815301076,1909f56bfc062723c751e8b465ee728b)
Start importing Assets/Anima/Lava/8.png using Guid(abdb662b38ad7c245a5c832c39795fa7) Importer(815301076,1909f56bfc062723c751e8b465ee728b)  -> (artifact id: '4d60ca418a61c8e9d3a5ca8345a55fee') in 0.008137 seconds
  Import took 0.012574 seconds .

========================================================================
Received Import Request.
  Time since last request: 0.000459 seconds.
  path: Assets/Anima/Lava/10.png
  artifactKey: Guid(e28cb9509843014408f93f3fae6a8b46) Importer(815301076,1909f56bfc062723c751e8b465ee728b)
Start importing Assets/Anima/Lava/10.png using Guid(e28cb9509843014408f93f3fae6a8b46) Importer(815301076,1909f56bfc062723c751e8b465ee728b)  -> (artifact id: '95412a83c0631aebf95699f428696212') in 0.008240 seconds
  Import took 0.013084 seconds .

========================================================================
Received Import Request.
  Time since last request: 0.000499 seconds.
  path: Assets/Anima/Lava/4.png
  artifactKey: Guid(8119ccc7d3d67da4587589f9e8f5d8e6) Importer(815301076,1909f56bfc062723c751e8b465ee728b)
Start importing Assets/Anima/Lava/4.png using Guid(8119ccc7d3d67da4587589f9e8f5d8e6) Importer(815301076,1909f56bfc062723c751e8b465ee728b)  -> (artifact id: '7c508890ace84b91229b9be0ca37d652') in 0.007181 seconds
  Import took 0.012255 seconds .

========================================================================
Received Import Request.
  Time since last request: 0.000537 seconds.
  path: Assets/Anima/Lava/3.png
  artifactKey: Guid(2a98029a82aeff1448215b13d0e73bd6) Importer(815301076,1909f56bfc062723c751e8b465ee728b)
Start importing Assets/Anima/Lava/3.png using Guid(2a98029a82aeff1448215b13d0e73bd6) Importer(815301076,1909f56bfc062723c751e8b465ee728b)  -> (artifact id: '95cf6868705f7929cf893b4fa8c566ca') in 0.008012 seconds
  Import took 0.012625 seconds .

========================================================================
Received Prepare
Registering precompiled user dll's ...
Registered in 0.001756 seconds.
Begin MonoManager ReloadAssembly
Native extension for WindowsStandalone target not found
Refreshing native plugins compatible for Editor in 0.41 ms, found 1 plugins.
Preloading 0 native plugins for Editor in 0.00 ms.
Mono: successfully reloaded assembly
- Completed reload, in  0.803 seconds
Platform modules already initialized, skipping
Refreshing native plugins compatible for Editor in 0.70 ms, found 1 plugins.
Preloading 0 native plugins for Editor in 0.00 ms.
Unloading 2032 Unused Serialized files (Serialized files now loaded: 0)
System memory in use before: 96.1 MB.
System memory in use after: 96.0 MB.

Unloading 13 unused Assets to reduce memory usage. Loaded Objects now: 2500.
Total: 1.954300 ms (FindLiveObjects: 0.203500 ms CreateObjectMapping: 0.073900 ms MarkObjects: 1.584500 ms  DeleteObjects: 0.091500 ms)

========================================================================
Received Prepare
Registering precompiled user dll's ...
Registered in 0.001319 seconds.
Begin MonoManager ReloadAssembly
Native extension for WindowsStandalone target not found
Refreshing native plugins compatible for Editor in 0.41 ms, found 1 plugins.
Preloading 0 native plugins for Editor in 0.00 ms.
Mono: successfully reloaded assembly
- Completed reload, in  0.797 seconds
Platform modules already initialized, skipping
Refreshing native plugins compatible for Editor in 0.41 ms, found 1 plugins.
Preloading 0 native plugins for Editor in 0.00 ms.
Unloading 2032 Unused Serialized files (Serialized files now loaded: 0)
System memory in use before: 96.1 MB.
System memory in use after: 96.1 MB.

Unloading 13 unused Assets to reduce memory usage. Loaded Objects now: 2503.
Total: 2.024400 ms (FindLiveObjects: 0.193800 ms CreateObjectMapping: 0.054900 ms MarkObjects: 1.684300 ms  DeleteObjects: 0.090400 ms)

========================================================================
Received Prepare
Registering precompiled user dll's ...
Registered in 0.001236 seconds.
Begin MonoManager ReloadAssembly
Native extension for WindowsStandalone target not found
Refreshing native plugins compatible for Editor in 0.44 ms, found 1 plugins.
Preloading 0 native plugins for Editor in 0.00 ms.
Mono: successfully reloaded assembly
- Completed reload, in  0.846 seconds
Platform modules already initialized, skipping
Refreshing native plugins compatible for Editor in 0.39 ms, found 1 plugins.
Preloading 0 native plugins for Editor in 0.00 ms.
Unloading 2032 Unused Serialized files (Serialized files now loaded: 0)
System memory in use before: 96.1 MB.
System memory in use after: 96.1 MB.

Unloading 13 unused Assets to reduce memory usage. Loaded Objects now: 2506.
Total: 2.789300 ms (FindLiveObjects: 0.210000 ms CreateObjectMapping: 0.077700 ms MarkObjects: 2.348200 ms  DeleteObjects: 0.151300 ms)

